PowerPlay Power Analyzer report for proce
Tue Feb 17 21:36:43 2015
Quartus II 64-Bit Version 14.1.0 Build 186 12/03/2014 SJ Web Edition


---------------------
; Table of Contents ;
---------------------
  1. Legal Notice
  2. Parallel Compilation
  3. PowerPlay Power Analyzer Summary
  4. PowerPlay Power Analyzer Settings
  5. Indeterminate Toggle Rates
  6. Operating Conditions Used
  7. Thermal Power Dissipation by Block
  8. Thermal Power Dissipation by Block Type
  9. Thermal Power Dissipation by Hierarchy
 10. Current Drawn from Voltage Supplies Summary
 11. VCCIO Supply Current Drawn by I/O Bank
 12. VCCIO Supply Current Drawn by Voltage
 13. Confidence Metric Details
 14. Signal Activities
 15. PowerPlay Power Analyzer Messages



----------------
; Legal Notice ;
----------------
Copyright (C) 1991-2014 Altera Corporation. All rights reserved.
Your use of Altera Corporation's design tools, logic functions 
and other software and tools, and its AMPP partner logic 
functions, and any output files from any of the foregoing 
(including device programming or simulation files), and any 
associated documentation or information are expressly subject 
to the terms and conditions of the Altera Program License 
Subscription Agreement, the Altera Quartus II License Agreement,
the Altera MegaCore Function License Agreement, or other 
applicable license agreement, including, without limitation, 
that your use is for the sole purpose of programming logic 
devices manufactured by Altera and sold by Altera or its 
authorized distributors.  Please refer to the applicable 
agreement for further details.



+------------------------------------------+
; Parallel Compilation                     ;
+----------------------------+-------------+
; Processors                 ; Number      ;
+----------------------------+-------------+
; Number detected on machine ; 12          ;
; Maximum allowed            ; 12          ;
;                            ;             ;
; Average used               ; 1.00        ;
; Maximum used               ; 12          ;
;                            ;             ;
; Usage by Processor         ; % Time Used ;
;     Processor 1            ; 100.0%      ;
;     Processors 2-12        ; < 0.1%      ;
+----------------------------+-------------+


+-------------------------------------------------------------------------------------------+
; PowerPlay Power Analyzer Summary                                                          ;
+----------------------------------------+--------------------------------------------------+
; PowerPlay Power Analyzer Status        ; Successful - Tue Feb 17 21:36:43 2015            ;
; Quartus II 64-Bit Version              ; 14.1.0 Build 186 12/03/2014 SJ Web Edition       ;
; Revision Name                          ; proce                                            ;
; Top-level Entity Name                  ; proce                                            ;
; Family                                 ; Cyclone IV E                                     ;
; Device                                 ; EP4CE22F17C6                                     ;
; Power Models                           ; Final                                            ;
; Total Thermal Power Dissipation        ; 98.79 mW                                         ;
; Core Dynamic Thermal Power Dissipation ; 0.00 mW                                          ;
; Core Static Thermal Power Dissipation  ; 77.41 mW                                         ;
; I/O Thermal Power Dissipation          ; 21.38 mW                                         ;
; Power Estimation Confidence            ; Low: user provided insufficient toggle rate data ;
+----------------------------------------+--------------------------------------------------+


+------------------------------------------------------------------------------------------------------+
; PowerPlay Power Analyzer Settings                                                                    ;
+----------------------------------------------------------------------------+---------+---------------+
; Option                                                                     ; Setting ; Default Value ;
+----------------------------------------------------------------------------+---------+---------------+
; Use smart compilation                                                      ; Off     ; Off           ;
; Enable parallel Assembler and TimeQuest Timing Analyzer during compilation ; On      ; On            ;
; Enable compact report table                                                ; Off     ; Off           ;
; Default Power Toggle Rate                                                  ; 12.5%   ; 12.5%         ;
; Default Power Input I/O Toggle Rate                                        ; 12.5%   ; 12.5%         ;
; Use vectorless estimation                                                  ; On      ; On            ;
; Use Input Files                                                            ; Off     ; Off           ;
; Filter Glitches in VCD File Reader                                         ; On      ; On            ;
; Power Analyzer Report Signal Activity                                      ; Off     ; Off           ;
; Power Analyzer Report Power Dissipation                                    ; Off     ; Off           ;
; Device Power Characteristics                                               ; TYPICAL ; TYPICAL       ;
; Automatically Compute Junction Temperature                                 ; On      ; On            ;
; Specified Junction Temperature                                             ; 25      ; 25            ;
; Ambient Temperature                                                        ; 25      ; 25            ;
; Use Custom Cooling Solution                                                ; Off     ; Off           ;
; Board Temperature                                                          ; 25      ; 25            ;
+----------------------------------------------------------------------------+---------+---------------+


+----------------------------------------+
; Indeterminate Toggle Rates             ;
+----------+-----------------------------+
; Node     ; Reason                      ;
+----------+-----------------------------+
; CLOCK_50 ; No valid clock domain found ;
; SW[3]    ; No valid clock domain found ;
; SW[2]    ; No valid clock domain found ;
; SW[1]    ; No valid clock domain found ;
; KEY[1]   ; No valid clock domain found ;
; SW[0]    ; No valid clock domain found ;
; KEY[0]   ; No valid clock domain found ;
+----------+-----------------------------+


+-------------------------------------------------------------------------+
; Operating Conditions Used                                               ;
+---------------------------------------------+---------------------------+
; Setting                                     ; Value                     ;
+---------------------------------------------+---------------------------+
; Device power characteristics                ; Typical                   ;
;                                             ;                           ;
; Voltages                                    ;                           ;
;     VCCINT                                  ; 1.20 V                    ;
;     VCCA                                    ; 2.50 V                    ;
;     VCCD                                    ; 1.20 V                    ;
;     2.5 V I/O Standard                      ; 2.5 V                     ;
;                                             ;                           ;
; Auto computed junction temperature          ; 26.1 degrees Celsius      ;
;     Ambient temperature                     ; 25.0 degrees Celsius      ;
;     Junction-to-Case thermal resistance     ; 6.50 degrees Celsius/Watt ;
;     Case-to-Heat Sink thermal resistance    ; 0.10 degrees Celsius/Watt ;
;     Heat Sink-to-Ambient thermal resistance ; 4.30 degrees Celsius/Watt ;
;                                             ;                           ;
; Board model used                            ; None                      ;
+---------------------------------------------+---------------------------+


+----------------------------------------------------------------------------------------------------------------------------------------------+
; Thermal Power Dissipation by Block                                                                                                           ;
+------------+------------+---------------------+-----------------------------+--------------------------------+-------------------------------+
; Block Name ; Block Type ; Total Thermal Power ; Block Thermal Dynamic Power ; Block Thermal Static Power (1) ; Routing Thermal Dynamic Power ;
+------------+------------+---------------------+-----------------------------+--------------------------------+-------------------------------+
(1) The "Thermal Power Dissipation by Block" Table has been hidden. To show this table, please select the "Write power dissipation by block to report file" option under "PowerPlay Power Analyzer Settings".


+--------------------------------------------------------------------------------------------------------------------------------------------------------------------------------------------------------------------+
; Thermal Power Dissipation by Block Type                                                                                                                                                                            ;
+---------------------+-----------------------------------+-----------------------------+--------------------------------+-------------------------------+-----------------------------------------------------------+
; Block Type          ; Total Thermal Power by Block Type ; Block Thermal Dynamic Power ; Block Thermal Static Power (1) ; Routing Thermal Dynamic Power ; Block Average Toggle Rate (millions of transitions / sec) ;
+---------------------+-----------------------------------+-----------------------------+--------------------------------+-------------------------------+-----------------------------------------------------------+
; Combinational cell  ; 0.00 mW                           ; 0.00 mW                     ; --                             ; 0.00 mW                       ;    0.000                                                  ;
; Clock control block ; 0.00 mW                           ; 0.00 mW                     ; --                             ; 0.00 mW                       ;    0.000                                                  ;
; Register cell       ; 0.00 mW                           ; 0.00 mW                     ; --                             ; 0.00 mW                       ;    0.000                                                  ;
; I/O                 ; 1.88 mW                           ; 0.00 mW                     ; 1.88 mW                        ; 0.00 mW                       ;    0.000                                                  ;
+---------------------+-----------------------------------+-----------------------------+--------------------------------+-------------------------------+-----------------------------------------------------------+
(1) The "Block Thermal Static Power" for all block types except Pins and the Voltage Regulator, if one exists, is part of the "Core Static Thermal Power Dissipation" value found on the PowerPlay Power Analyzer-->Summary report panel. The "Core Static Thermal Power Dissipation" also contains the thermal static power dissipated by the routing.


+------------------------------------------------------------------------------------------------------------------------------------------------------------------------------------------------------------------------------+
; Thermal Power Dissipation by Hierarchy                                                                                                                                                                                       ;
+-------------------------------------+--------------------------------------+---------------------------------+-----------------------------------+-----------------------------------+---------------------------------------+
; Compilation Hierarchy Node          ; Total Thermal Power by Hierarchy (1) ; Block Thermal Dynamic Power (1) ; Block Thermal Static Power (1)(2) ; Routing Thermal Dynamic Power (1) ; Full Hierarchy Name                   ;
+-------------------------------------+--------------------------------------+---------------------------------+-----------------------------------+-----------------------------------+---------------------------------------+
; |proce                              ; 1.88 mW (1.88 mW)                    ; 0.00 mW (0.00 mW)               ; 1.88 mW (1.88 mW)                 ; 0.00 mW (0.00 mW)                 ; |proce                                ;
;     |hard_block:auto_generated_inst ; 0.00 mW (0.00 mW)                    ; 0.00 mW (0.00 mW)               ; --                                ; 0.00 mW (0.00 mW)                 ; |proce|hard_block:auto_generated_inst ;
+-------------------------------------+--------------------------------------+---------------------------------+-----------------------------------+-----------------------------------+---------------------------------------+
(1) Value in parentheses is the power consumed at that level of hierarchy. Value not in parentheses is the power consumed at that level of hierarchy plus the power consumed by all levels of hierarchy below it.

(2) The "Block Thermal Static Power" for all levels of hierarchy except the top-level hierarchy is part of the "Core Static Thermal Power Dissipation" value found on the PowerPlay Power Analyzer-->Summary report panel. The "Core Static Thermal Power Dissipation" also contains the thermal static power dissipated by the routing.


+------------------------------------------------------------------------------------------------------------------------------------+
; Current Drawn from Voltage Supplies Summary                                                                                        ;
+----------------+-------------------------+---------------------------+--------------------------+----------------------------------+
; Voltage Supply ; Total Current Drawn (1) ; Dynamic Current Drawn (1) ; Static Current Drawn (1) ; Minimum Power Supply Current (2) ;
+----------------+-------------------------+---------------------------+--------------------------+----------------------------------+
; VCCINT         ; 6.52 mA                 ; 0.00 mA                   ; 6.52 mA                  ; 6.52 mA                          ;
; VCCIO          ; 7.85 mA                 ; 0.00 mA                   ; 7.85 mA                  ; 7.85 mA                          ;
; VCCA           ; 27.53 mA                ; 0.00 mA                   ; 27.53 mA                 ; 27.53 mA                         ;
; VCCD           ; 2.10 mA                 ; 0.00 mA                   ; 2.10 mA                  ; 2.10 mA                          ;
+----------------+-------------------------+---------------------------+--------------------------+----------------------------------+
(1) Currents reported in columns "Total Current Drawn", "Dynamic Current Drawn", and "Static Current Drawn" are sufficient for user operation of the device.  
(2) Currents reported in column "Minimum Power Supply Current" are sufficient for power-up, configuration, and user operation of the device.


+-----------------------------------------------------------------------------------------------+
; VCCIO Supply Current Drawn by I/O Bank                                                        ;
+----------+---------------+---------------------+-----------------------+----------------------+
; I/O Bank ; VCCIO Voltage ; Total Current Drawn ; Dynamic Current Drawn ; Static Current Drawn ;
+----------+---------------+---------------------+-----------------------+----------------------+
; 1        ; 2.5V          ; 0.99 mA             ; 0.00 mA               ; 0.99 mA              ;
; 2        ; 2.5V          ; 0.98 mA             ; 0.00 mA               ; 0.98 mA              ;
; 3        ; 2.5V          ; 0.98 mA             ; 0.00 mA               ; 0.98 mA              ;
; 4        ; 2.5V          ; 0.97 mA             ; 0.00 mA               ; 0.97 mA              ;
; 5        ; 2.5V          ; 0.98 mA             ; 0.00 mA               ; 0.98 mA              ;
; 6        ; 2.5V          ; 0.98 mA             ; 0.00 mA               ; 0.98 mA              ;
; 7        ; 2.5V          ; 0.99 mA             ; 0.00 mA               ; 0.99 mA              ;
; 8        ; 2.5V          ; 0.97 mA             ; 0.00 mA               ; 0.97 mA              ;
+----------+---------------+---------------------+-----------------------+----------------------+


+-----------------------------------------------------------------------------------------------------------------------------------+
; VCCIO Supply Current Drawn by Voltage                                                                                             ;
+---------------+-------------------------+---------------------------+--------------------------+----------------------------------+
; VCCIO Voltage ; Total Current Drawn (1) ; Dynamic Current Drawn (1) ; Static Current Drawn (1) ; Minimum Power Supply Current (2) ;
+---------------+-------------------------+---------------------------+--------------------------+----------------------------------+
; 2.5V          ; 7.85 mA                 ; 0.00 mA                   ; 7.85 mA                  ; 7.85 mA                          ;
+---------------+-------------------------+---------------------------+--------------------------+----------------------------------+
(1) Currents reported in columns "Total Current Drawn", "Dynamic Current Drawn", and "Static Current Drawn" are sufficient for user operation of the device.  
(2) Currents reported in column "Minimum Power Supply Current" are sufficient for power-up, configuration, and user operation of the device.


+-----------------------------------------------------------------------------------------------------------------------------------------------+
; Confidence Metric Details                                                                                                                     ;
+----------------------------------------------------------------------------------------+------------+------------+------------+---------------+
; Data Source                                                                            ; Total      ; Pin        ; Registered ; Combinational ;
+----------------------------------------------------------------------------------------+------------+------------+------------+---------------+
; Simulation (from file)                                                                 ;            ;            ;            ;               ;
;     -- Number of signals with Toggle Rate from Simulation                              ; 0 (0.0%)   ; 0 (0.0%)   ; 0 (0.0%)   ; 0 (0.0%)      ;
;     -- Number of signals with Static Probability from Simulation                       ; 0 (0.0%)   ; 0 (0.0%)   ; 0 (0.0%)   ; 0 (0.0%)      ;
;                                                                                        ;            ;            ;            ;               ;
; Node, entity or clock assignment                                                       ;            ;            ;            ;               ;
;     -- Number of signals with Toggle Rate from Node, entity or clock assignment        ; 0 (0.0%)   ; 0 (0.0%)   ; 0 (0.0%)   ; 0 (0.0%)      ;
;     -- Number of signals with Static Probability from Node, entity or clock assignment ; 0 (0.0%)   ; 0 (0.0%)   ; 0 (0.0%)   ; 0 (0.0%)      ;
;                                                                                        ;            ;            ;            ;               ;
; Vectorless estimation                                                                  ;            ;            ;            ;               ;
;     -- Number of signals with Toggle Rate from Vectorless estimation                   ; 28 (73.7%) ; 4 (28.6%)  ; 6 (100.0%) ; 18 (100.0%)   ;
;     -- Number of signals with Zero toggle rate, from Vectorless estimation             ; 28 (73.7%) ; 4 (28.6%)  ; 6 (100.0%) ; 18 (100.0%)   ;
;     -- Number of signals with Static Probability from Vectorless estimation            ; 28 (73.7%) ; 4 (28.6%)  ; 6 (100.0%) ; 18 (100.0%)   ;
;                                                                                        ;            ;            ;            ;               ;
; Default assignment                                                                     ;            ;            ;            ;               ;
;     -- Number of signals with Toggle Rate from Default assignment                      ; 0 (0.0%)   ; 0 (0.0%)   ; 0 (0.0%)   ; 0 (0.0%)      ;
;     -- Number of signals with Static Probability from Default assignment               ; 10 (26.3%) ; 10 (71.4%) ; 0 (0.0%)   ; 0 (0.0%)      ;
;                                                                                        ;            ;            ;            ;               ;
; Assumed 0                                                                              ;            ;            ;            ;               ;
;     -- Number of signals with Toggle Rate assumed 0                                    ; 10 (26.3%) ; 10 (71.4%) ; 0 (0.0%)   ; 0 (0.0%)      ;
+----------------------------------------------------------------------------------------+------------+------------+------------+---------------+


+---------------------------------------------------------------------------------------------------------------------------------------------+
; Signal Activities                                                                                                                           ;
+--------+------+---------------------------------------------+-------------------------+--------------------+--------------------------------+
; Signal ; Type ; Toggle Rate (millions of transitions / sec) ; Toggle Rate Data Source ; Static Probability ; Static Probability Data Source ;
+--------+------+---------------------------------------------+-------------------------+--------------------+--------------------------------+
(1) The "Signal Activity" Table has been hidden. To show this table, please select the "Write signal activities to report file" option under "PowerPlay Power Analyzer Settings".


+-----------------------------------+
; PowerPlay Power Analyzer Messages ;
+-----------------------------------+
Info: *******************************************************************
Info: Running Quartus II 64-Bit PowerPlay Power Analyzer
    Info: Version 14.1.0 Build 186 12/03/2014 SJ Web Edition
    Info: Processing started: Tue Feb 17 21:36:38 2015
Info: Command: quartus_pow --read_settings_files=on --write_settings_files=off proce -c proce
Warning (20013): Ignored assignments for entity "DE0_NANO" -- entity does not exist in design
    Warning (20014): Assignment for entity set_instance_assignment -name PARTITION_HIERARCHY root_partition -to | -entity DE0_NANO -section_id Top was ignored
    Warning (20014): Assignment for entity set_global_assignment -name PARTITION_NETLIST_TYPE SOURCE -entity DE0_NANO -section_id Top was ignored
    Warning (20014): Assignment for entity set_global_assignment -name PARTITION_FITTER_PRESERVATION_LEVEL PLACEMENT_AND_ROUTING -entity DE0_NANO -section_id Top was ignored
    Warning (20014): Assignment for entity set_global_assignment -name PARTITION_PRESERVE_HIGH_SPEED_TILES ON -entity DE0_NANO -section_id Top was ignored
    Warning (20014): Assignment for entity set_global_assignment -name PARTITION_IGNORE_SOURCE_FILE_CHANGES OFF -entity DE0_NANO -section_id Top was ignored
    Warning (20014): Assignment for entity set_global_assignment -name PARTITION_ALWAYS_USE_QXP_NETLIST OFF -entity DE0_NANO -section_id Top was ignored
    Warning (20014): Assignment for entity set_global_assignment -name PARTITION_COLOR 16764057 -entity DE0_NANO -section_id Top was ignored
    Warning (20014): Assignment for entity set_global_assignment -name PARTITION_IMPORT_ASSIGNMENTS ON -entity DE0_NANO -section_id Top was ignored
    Warning (20014): Assignment for entity set_global_assignment -name PARTITION_IMPORT_EXISTING_ASSIGNMENTS REPLACE_CONFLICTING -entity DE0_NANO -section_id Top was ignored
    Warning (20014): Assignment for entity set_global_assignment -name PARTITION_IMPORT_EXISTING_LOGICLOCK_REGIONS UPDATE_CONFLICTING -entity DE0_NANO -section_id Top was ignored
    Warning (20014): Assignment for entity set_global_assignment -name PARTITION_IMPORT_PIN_ASSIGNMENTS ON -entity DE0_NANO -section_id Top was ignored
    Warning (20014): Assignment for entity set_global_assignment -name PARTITION_IMPORT_PROMOTE_ASSIGNMENTS ON -entity DE0_NANO -section_id Top was ignored
    Warning (20014): Assignment for entity set_global_assignment -name PARTITION_TYPE STANDARD_PARTITION -entity DE0_NANO -section_id Top was ignored
    Warning (20014): Assignment for entity set_global_assignment -name ALLOW_MULTIPLE_PERSONAS OFF -entity DE0_NANO -section_id Top was ignored
    Warning (20014): Assignment for entity set_global_assignment -name PARTITION_ASD_REGION_ID 1 -entity DE0_NANO -section_id Top was ignored
    Warning (20014): Assignment for entity set_global_assignment -name CROSS_BOUNDARY_OPTIMIZATIONS OFF -entity DE0_NANO -section_id Top was ignored
    Warning (20014): Assignment for entity set_global_assignment -name PROPAGATE_CONSTANTS_ON_INPUTS ON -entity DE0_NANO -section_id Top was ignored
    Warning (20014): Assignment for entity set_global_assignment -name PROPAGATE_INVERSIONS_ON_INPUTS ON -entity DE0_NANO -section_id Top was ignored
    Warning (20014): Assignment for entity set_global_assignment -name REMOVE_LOGIC_ON_UNCONNECTED_OUTPUTS ON -entity DE0_NANO -section_id Top was ignored
    Warning (20014): Assignment for entity set_global_assignment -name MERGE_EQUIVALENT_INPUTS ON -entity DE0_NANO -section_id Top was ignored
    Warning (20014): Assignment for entity set_global_assignment -name MERGE_EQUIVALENT_BIDIRS ON -entity DE0_NANO -section_id Top was ignored
    Warning (20014): Assignment for entity set_global_assignment -name ABSORB_PATHS_FROM_OUTPUTS_TO_INPUTS ON -entity DE0_NANO -section_id Top was ignored
    Warning (20014): Assignment for entity set_global_assignment -name PARTITION_EXTRACT_HARD_BLOCK_NODES ON -entity DE0_NANO -section_id Top was ignored
    Warning (20014): Assignment for entity set_global_assignment -name PARTITION_ENABLE_STRICT_PRESERVATION OFF -entity DE0_NANO -section_id Top was ignored
Info (21077): Core supply voltage is 1.2V
Info (21077): Low junction temperature is 0 degrees C
Info (21077): High junction temperature is 85 degrees C
Critical Warning (332012): Synopsys Design Constraints File file not found: 'proce.sdc'. A Synopsys Design Constraints File is required by the TimeQuest Timing Analyzer to get proper timing constraints. Without it, the Compiler will not properly optimize the design.
Warning (332060): Node: KEY[1] was determined to be a clock but was found without an associated clock assignment.
    Info (13166): Register LED[0]~reg0 is being clocked by KEY[1]
Warning (332060): Node: KEY[0] was determined to be a clock but was found without an associated clock assignment.
    Info (13166): Register A[0] is being clocked by KEY[0]
Warning (332068): No clocks defined in design.
Info (223000): Starting Vectorless Power Activity Estimation
Warning (222013): Relative toggle rates could not be calculated because no clock domain could be identified for some nodes
Info (223001): Completed Vectorless Power Activity Estimation
Info (218000): Using Advanced I/O Power to simulate I/O buffers with the specified board trace model
Warning (215044): No board thermal model was selected.  Analyzing without board thermal modeling.
Info (334003): Started post-fitting delay annotation
Info (334004): Delay annotation completed successfully
Info (215049): Average toggle rate for this design is 0.000 millions of transitions / sec
Info (215031): Total thermal power estimate for the design is 98.79 mW
Info: Quartus II 64-Bit PowerPlay Power Analyzer was successful. 0 errors, 31 warnings
    Info: Peak virtual memory: 712 megabytes
    Info: Processing ended: Tue Feb 17 21:36:43 2015
    Info: Elapsed time: 00:00:05
    Info: Total CPU time (on all processors): 00:00:05


