Assembler report for DE0_Nano_Basic_Computer
Mon Mar 02 20:53:19 2015
Quartus II 64-Bit Version 14.1.0 Build 186 12/03/2014 SJ Web Edition


---------------------
; Table of Contents ;
---------------------
  1. Legal Notice
  2. Assembler Summary
  3. Assembler Settings
  4. Assembler Encrypted IP Cores Summary
  5. Assembler Generated Files
  6. Assembler Device Options: C:/Altera/Boots/DE0_Nano_Basic_Computer.sof
  7. Assembler Messages



----------------
; Legal Notice ;
----------------
Copyright (C) 1991-2014 Altera Corporation. All rights reserved.
Your use of Altera Corporation's design tools, logic functions 
and other software and tools, and its AMPP partner logic 
functions, and any output files from any of the foregoing 
(including device programming or simulation files), and any 
associated documentation or information are expressly subject 
to the terms and conditions of the Altera Program License 
Subscription Agreement, the Altera Quartus II License Agreement,
the Altera MegaCore Function License Agreement, or other 
applicable license agreement, including, without limitation, 
that your use is for the sole purpose of programming logic 
devices manufactured by Altera and sold by Altera or its 
authorized distributors.  Please refer to the applicable 
agreement for further details.



+---------------------------------------------------------------+
; Assembler Summary                                             ;
+-----------------------+---------------------------------------+
; Assembler Status      ; Successful - Mon Mar 02 20:53:19 2015 ;
; Revision Name         ; DE0_Nano_Basic_Computer               ;
; Top-level Entity Name ; DE0_Nano_Basic_Computer               ;
; Family                ; Cyclone IV E                          ;
; Device                ; EP4CE22F17C6                          ;
+-----------------------+---------------------------------------+


+----------------------------------+
; Assembler Settings               ;
+--------+---------+---------------+
; Option ; Setting ; Default Value ;
+--------+---------+---------------+


+------------------------------------------------+
; Assembler Encrypted IP Cores Summary           ;
+--------+------------------------+--------------+
; Vendor ; IP Core Name           ; License Type ;
+--------+------------------------+--------------+
; Altera ; Signal Tap (6AF7 BCE1) ; Licensed     ;
; Altera ; Signal Tap (6AF7 BCEC) ; Licensed     ;
+--------+------------------------+--------------+


+---------------------------------------------+
; Assembler Generated Files                   ;
+---------------------------------------------+
; File Name                                   ;
+---------------------------------------------+
; C:/Altera/Boots/DE0_Nano_Basic_Computer.sof ;
+---------------------------------------------+


+-----------------------------------------------------------------------+
; Assembler Device Options: C:/Altera/Boots/DE0_Nano_Basic_Computer.sof ;
+----------------+------------------------------------------------------+
; Option         ; Setting                                              ;
+----------------+------------------------------------------------------+
; Device         ; EP4CE22F17C6                                         ;
; JTAG usercode  ; 0x0084F0C3                                           ;
; Checksum       ; 0x0084F0C3                                           ;
+----------------+------------------------------------------------------+


+--------------------+
; Assembler Messages ;
+--------------------+
Info: *******************************************************************
Info: Running Quartus II 64-Bit Assembler
    Info: Version 14.1.0 Build 186 12/03/2014 SJ Web Edition
    Info: Processing started: Mon Mar 02 20:53:14 2015
Info: Command: quartus_asm --read_settings_files=off --write_settings_files=off DE0_Nano_Basic_Computer -c DE0_Nano_Basic_Computer
Info (125069): Default assignment values were changed in the current version of the Quartus II software -- changes to default assignments values are contained in file e:/master_folder/programs/altera/quartus/bin64/assignment_defaults.qdf
Info (115031): Writing out detailed assembly data for power analysis
Info (115030): Assembler is generating device programming files
Info: Quartus II 64-Bit Assembler was successful. 0 errors, 0 warnings
    Info: Peak virtual memory: 620 megabytes
    Info: Processing ended: Mon Mar 02 20:53:20 2015
    Info: Elapsed time: 00:00:06
    Info: Total CPU time (on all processors): 00:00:05


